<?xml version="1.0" encoding="UTF-8"?>
<!-- Generated by org.testng.reporters.JUnitReportReporter -->
<testsuite hostname="DESKTOP-FK3RV9V" failures="0" tests="1" name="test_base.DirectFlow" time="5.115" errors="0" timestamp="2024-06-03T18:17:16 IST" skipped="0">
  <testcase classname="test_base.DirectFlow" name="log" time="5.115"/>
  <system-out/>
</testsuite> <!-- test_base.DirectFlow -->
