<?xml version="1.0" encoding="UTF-8"?>
<!-- Generated by org.testng.reporters.JUnitReportReporter -->
<testsuite hostname="DESKTOP-FK3RV9V" failures="0" tests="1" name="Faceify.Faceify_corp.Login_Page" time="2.523" errors="0" timestamp="2024-03-18T18:23:15 IST" skipped="0">
  <testcase classname="Faceify.Faceify_corp.Login_Page" name="user" time="2.523"/>
  <system-out/>
</testsuite> <!-- Faceify.Faceify_corp.Login_Page -->
